#
# A fatal error has been detected by the Java Runtime Environment:
#
#  SIGSEGV (0xb) at pc=0x00007f05f64e3e96, pid=39167, tid=39172
#
# JRE version: OpenJDK Runtime Environment (15.0.2+7) (build 15.0.2+7-27)
# Java VM: OpenJDK 64-Bit Server VM (15.0.2+7-27, mixed mode, tiered, compressed oops, g1 gc, linux-amd64)
# Problematic frame:
# V  [libjvm.so+0xc19e96]  SignatureStream::SignatureStream(Symbol const*, bool)+0x16
#
# Core dump will be written. Default location: Core dumps may be processed with "/usr/share/apport/apport %p %s %c %d %P %E" (or dumping to /home/mohammad/eclipse-workspace/Java_Assignment/core.39167)
#
# If you would like to submit a bug report, please visit:
#   https://bugreport.java.com/bugreport/crash.jsp
#

---------------  S U M M A R Y ------------

Command Line: -XX:+ShowCodeDetailsInExceptionMessages -agentlib:jdwp=transport=dt_socket,suspend=y,address=localhost:41319 -javaagent:/home/mohammad/eclipse/java-2021-03/eclipse/configuration/org.eclipse.osgi/216/0/.cp/lib/javaagent-shaded.jar -Dfile.encoding=UTF-8 Question_1.Question_3

Host: Intel(R) Core(TM) i3-7100U CPU @ 2.40GHz, 4 cores, 3G, Ubuntu 20.04.2 LTS
Time: Mon Apr 12 04:21:11 2021 +06 elapsed time: 2335.268171 seconds (0d 0h 38m 55s)

---------------  T H R E A D  ---------------

Current thread (0x00007f05f002a480):  JavaThread "main" [_thread_in_vm, id=39172, stack(0x00007f05f567a000,0x00007f05f577b000)]

Stack: [0x00007f05f567a000,0x00007f05f577b000],  sp=0x00007f05f5779490,  free space=1021k
Native frames: (J=compiled Java code, A=aot compiled Java code, j=interpreted, Vv=VM code, C=native code)
V  [libjvm.so+0xc19e96]  SignatureStream::SignatureStream(Symbol const*, bool)+0x16
V  [libjvm.so+0xc8facf]  Symbol::print_as_signature_external_return_type(outputStream*)+0x2f
V  [libjvm.so+0xad7623]  Method::print_external_name(outputStream*, Klass*, Symbol*, Symbol*)+0x23
V  [libjvm.so+0x9ca1ad]  LinkResolver::resolve_method(LinkInfo const&, Bytecodes::Code, Thread*)+0x39d
V  [libjvm.so+0x9ce424]  LinkResolver::resolve_static_call(CallInfo&, LinkInfo const&, bool, Thread*)+0x44
V  [libjvm.so+0x9cee6b]  LinkResolver::resolve_invoke(CallInfo&, Handle, constantPoolHandle const&, int, Bytecodes::Code, Thread*)+0x29b
V  [libjvm.so+0x76f4c8]  InterpreterRuntime::resolve_invoke(JavaThread*, Bytecodes::Code)+0x168
V  [libjvm.so+0x76faa7]  InterpreterRuntime::resolve_from_cache(JavaThread*, Bytecodes::Code)+0x37
j  Question_1.Question_3.main([Ljava/lang/String;)V+23
v  ~StubRoutines::call_stub
V  [libjvm.so+0x7741b9]  JavaCalls::call_helper(JavaValue*, methodHandle const&, JavaCallArguments*, Thread*)+0x299
V  [libjvm.so+0x804f67]  jni_invoke_static(JNIEnv_*, JavaValue*, _jobject*, JNICallType, _jmethodID*, JNI_ArgumentPusher*, Thread*) [clone .isra.0] [clone .constprop.1]+0x357
V  [libjvm.so+0x807b5f]  jni_CallStaticVoidMethod+0x12f
C  [libjli.so+0x4627]  JavaMain+0xd17
C  [libjli.so+0x7fc9]  ThreadJavaMain+0x9

Java frames: (J=compiled Java code, j=interpreted, Vv=VM code)
j  Question_1.Question_3.main([Ljava/lang/String;)V+23
v  ~StubRoutines::call_stub

siginfo: si_signo: 11 (SIGSEGV), si_code: 1 (SEGV_MAPERR), si_addr: 0x0000000000000004

Register to memory mapping:

RAX=0x0 is NULL
RBX=0x00007f05f57794d0 is pointing into the stack for thread: 0x00007f05f002a480
RCX=0x0 is NULL
RDX=0x0000000000000001 is an unknown value
RSP=0x00007f05f5779490 is pointing into the stack for thread: 0x00007f05f002a480
RBP=0x00007f05f57794b0 is pointing into the stack for thread: 0x00007f05f002a480
RSI=0x0 is NULL
RDI=0x0000000000000001 is an unknown value
R8 =0x00007f05f0158960 points into unknown readable memory: 0x2720646f6874654d | 4d 65 74 68 6f 64 20 27
R9 =0x00007f05f002ab60 points into unknown readable memory: 0x00007f05d8268dd0 | d0 8d 26 d8 05 7f 00 00
R10=0x00007f05f55dc000 points into unknown readable memory: 0x0100050403020100 | 00 01 02 03 04 05 00 01
R11=0x0000000000000286 is an unknown value
R12=0x00007f05f57795b0 is pointing into the stack for thread: 0x00007f05f002a480
R13=0x00007f05f57794d0 is pointing into the stack for thread: 0x00007f05f002a480
R14=0x00007f05f66bfb29: <offset 0x0000000000df5b29> in /home/mohammad/.p2/pool/plugins/org.eclipse.justj.openjdk.hotspot.jre.full.linux.x86_64_15.0.2.v20210201-0955/jre/lib/server/libjvm.so at 0x00007f05f58ca000
R15=0x00007f05ac15cf00 points into unknown readable memory: 0x6f6500032144ffff | ff ff 44 21 03 00 65 6f


Registers:
RAX=0x0000000000000000, RBX=0x00007f05f57794d0, RCX=0x0000000000000000, RDX=0x0000000000000001
RSP=0x00007f05f5779490, RBP=0x00007f05f57794b0, RSI=0x0000000000000000, RDI=0x0000000000000001
R8 =0x00007f05f0158960, R9 =0x00007f05f002ab60, R10=0x00007f05f55dc000, R11=0x0000000000000286
R12=0x00007f05f57795b0, R13=0x00007f05f57794d0, R14=0x00007f05f66bfb29, R15=0x00007f05ac15cf00
RIP=0x00007f05f64e3e96, EFLAGS=0x0000000000010206, CSGSFS=0x002b000000000033, ERR=0x0000000000000004
  TRAPNO=0x000000000000000e

Top of Stack: (sp=0x00007f05f5779490)
0x00007f05f5779490:   00007f05f5779578 00007f05f5779810
0x00007f05f57794a0:   00007f05f57795b0 00007f05f57794d0
0x00007f05f57794b0:   00007f05f5779530 00007f05f6559acf
0x00007f05f57794c0:   00007f05f69c7e38 0000000000000008 

Instructions: (pc=0x00007f05f64e3e96)
0x00007f05f64e3d96:   38 41 c7 47 24 ff ff ff ff 41 0f 11 6f 10 e9 8e
0x00007f05f64e3da6:   fc ff ff 0f 1f 80 00 00 00 00 4c 89 ef 89 4d 80
0x00007f05f64e3db6:   48 89 45 88 e8 81 f6 ff ff 49 63 75 00 8b 4d 80
0x00007f05f64e3dc6:   48 8b 45 88 e9 e7 f8 ff ff 90 48 89 df 89 4d 88
0x00007f05f64e3dd6:   e8 05 a6 73 ff 48 63 33 8b 4d 88 e9 0e ff ff ff
0x00007f05f64e3de6:   66 2e 0f 1f 84 00 00 00 00 00 48 89 df 89 4d 88
0x00007f05f64e3df6:   e8 e5 a5 73 ff 48 63 33 8b 4d 88 e9 07 ff ff ff
0x00007f05f64e3e06:   66 2e 0f 1f 84 00 00 00 00 00 66 0f 1f 84 00 00
0x00007f05f64e3e16:   00 00 00 00 00 00 00 00 00 00 48 8d 46 ff 48 83
0x00007f05f64e3e26:   f8 fd 76 16 48 89 77 10 c7 47 08 63 00 00 00 c3
0x00007f05f64e3e36:   66 2e 0f 1f 84 00 00 00 00 00 48 3b 77 10 74 ef
0x00007f05f64e3e46:   48 89 77 10 48 d1 ee 83 e6 0f 89 77 08 c3 66 66
0x00007f05f64e3e56:   2e 0f 1f 84 00 00 00 00 00 90 8d 57 fc b8 01 00
0x00007f05f64e3e66:   00 00 83 fa 09 76 08 83 ff 0e 0f 94 c0 21 f0 c3
0x00007f05f64e3e76:   66 2e 0f 1f 84 00 00 00 00 00 55 48 89 e5 41 55
0x00007f05f64e3e86:   41 54 53 48 89 fb 0f b6 fa 0f b6 d2 48 83 ec 08
0x00007f05f64e3e96:   44 0f b7 66 04 48 8d 05 5e eb 57 00 48 89 33 89
0x00007f05f64e3ea6:   53 1c 44 89 63 10 89 53 0c 89 53 08 c7 43 14 00
0x00007f05f64e3eb6:   00 00 00 48 8b 40 18 48 c7 43 28 00 00 00 00 48
0x00007f05f64e3ec6:   89 43 20 41 39 d4 0f 8e e6 00 00 00 4c 8d 6e 06
0x00007f05f64e3ed6:   4c 01 ef 0f be 0f 89 c8 80 f9 29 0f 84 99 00 00
0x00007f05f64e3ee6:   00 83 e9 42 83 f9 19 76 21 c7 43 18 00 00 00 00
0x00007f05f64e3ef6:   44 8d 62 01 44 89 63 0c 48 83 c4 08 5b 41 5c 41
0x00007f05f64e3f06:   5d 5d c3 0f 1f 80 00 00 00 00 4c 8d 05 49 b9 27
0x00007f05f64e3f16:   00 41 8b 0c 88 89 4b 18 83 f9 0c 0f 84 a9 00 00
0x00007f05f64e3f26:   00 83 f9 0d 75 ca 41 39 d4 0f 8e e8 00 00 00 48
0x00007f05f64e3f36:   63 ca 48 8d 74 0e 07 89 d1 eb 1b 0f 1f 80 00 00
0x00007f05f64e3f46:   00 00 83 c1 01 48 83 c6 01 0f b6 46 ff 41 39 cc
0x00007f05f64e3f56:   0f 84 ac 00 00 00 3c 5b 74 e8 89 ce 48 63 f9 29
0x00007f05f64e3f66:   d6 4c 01 ef 89 f2 89 53 14 3c 4c 0f 84 b9 00 00
0x00007f05f64e3f76:   00 44 8d 61 01 e9 7a ff ff ff 83 c2 01 c7 43 1c
0x00007f05f64e3f86:   03 00 00 00 89 53 0c 89 53 08 41 39 d4 7e 63 48 


Stack slot to memory mapping:
stack at sp + 0 slots: 0x00007f05f5779578 is pointing into the stack for thread: 0x00007f05f002a480
stack at sp + 1 slots: 0x00007f05f5779810 is pointing into the stack for thread: 0x00007f05f002a480
stack at sp + 2 slots: 0x00007f05f57795b0 is pointing into the stack for thread: 0x00007f05f002a480
stack at sp + 3 slots: 0x00007f05f57794d0 is pointing into the stack for thread: 0x00007f05f002a480
stack at sp + 4 slots: 0x00007f05f5779530 is pointing into the stack for thread: 0x00007f05f002a480
stack at sp + 5 slots: 0x00007f05f6559acf: <offset 0x0000000000c8facf> in /home/mohammad/.p2/pool/plugins/org.eclipse.justj.openjdk.hotspot.jre.full.linux.x86_64_15.0.2.v20210201-0955/jre/lib/server/libjvm.so at 0x00007f05f58ca000
stack at sp + 6 slots: 0x00007f05f69c7e38: <offset 0x00000000010fde38> in /home/mohammad/.p2/pool/plugins/org.eclipse.justj.openjdk.hotspot.jre.full.linux.x86_64_15.0.2.v20210201-0955/jre/lib/server/libjvm.so at 0x00007f05f58ca000
stack at sp + 7 slots: 0x0000000000000008 is an unknown value


---------------  P R O C E S S  ---------------

Threads class SMR info:
_java_thread_list=0x00007f05f03d8600, length=13, elements={
0x00007f05f002a480, 0x00007f05f01707e0, 0x00007f05f0172430, 0x00007f05f018a040,
0x00007f05f018b750, 0x00007f05f018d080, 0x00007f05f018e8b0, 0x00007f05f018ff60,
0x00007f05f025e500, 0x00007f05f02a6800, 0x00007f05f02bd5b0, 0x00007f059c000fa0,
0x00007f05f03d7480
}

Java Threads: ( => current thread )
=>0x00007f05f002a480 JavaThread "main" [_thread_in_vm, id=39172, stack(0x00007f05f567a000,0x00007f05f577b000)]
  0x00007f05f01707e0 JavaThread "Reference Handler" daemon [_thread_blocked, id=39186, stack(0x00007f05d8e49000,0x00007f05d8f4a000)]
  0x00007f05f0172430 JavaThread "Finalizer" daemon [_thread_blocked, id=39187, stack(0x00007f05d8d48000,0x00007f05d8e49000)]
  0x00007f05f018a040 JavaThread "Signal Dispatcher" daemon [_thread_blocked, id=39188, stack(0x00007f05d8c47000,0x00007f05d8d48000)]
  0x00007f05f018b750 JavaThread "Service Thread" daemon [_thread_blocked, id=39189, stack(0x00007f05d8b46000,0x00007f05d8c47000)]
  0x00007f05f018d080 JavaThread "C2 CompilerThread0" daemon [_thread_blocked, id=39190, stack(0x00007f05d8a45000,0x00007f05d8b46000)]
  0x00007f05f018e8b0 JavaThread "C1 CompilerThread0" daemon [_thread_blocked, id=39191, stack(0x00007f05d8944000,0x00007f05d8a45000)]
  0x00007f05f018ff60 JavaThread "Sweeper thread" daemon [_thread_blocked, id=39192, stack(0x00007f05d8843000,0x00007f05d8944000)]
  0x00007f05f025e500 JavaThread "Common-Cleaner" daemon [_thread_blocked, id=39194, stack(0x00007f05d8742000,0x00007f05d8843000)]
  0x00007f05f02a6800 JavaThread "JDWP Transport Listener: dt_socket" daemon [_thread_blocked, id=39196, stack(0x00007f05d8633000,0x00007f05d8734000)]
  0x00007f05f02bd5b0 JavaThread "JDWP Event Helper Thread" daemon [_thread_blocked, id=39199, stack(0x00007f05d8532000,0x00007f05d8633000)]
  0x00007f059c000fa0 JavaThread "JDWP Command Reader" daemon [_thread_in_native, id=39200, stack(0x00007f05d8431000,0x00007f05d8532000)]
  0x00007f05f03d7480 JavaThread "Notification Thread" daemon [_thread_blocked, id=39203, stack(0x00007f05d8103000,0x00007f05d8204000)]

Other Threads:
  0x00007f05f01564d0 VMThread "VM Thread" [stack: 0x00007f05d8f4c000,0x00007f05d904c000] [id=39185]
  0x00007f05f017a500 WatcherThread [stack: 0x00007f05bb0cd000,0x00007f05bb1cd000] [id=39204]
  0x00007f05f0057870 GCTaskThread "GC Thread#0" [stack: 0x00007f05f492d000,0x00007f05f4a2d000] [id=39177]
  0x00007f05f00608d0 ConcurrentGCThread "G1 Main Marker" [stack: 0x00007f05f482b000,0x00007f05f492b000] [id=39178]
  0x00007f05f0061b60 ConcurrentGCThread "G1 Conc#0" [stack: 0x00007f05f4729000,0x00007f05f4829000] [id=39179]
  0x00007f05f009c4f0 ConcurrentGCThread "G1 Refine#0" [stack: 0x00007f05f4223000,0x00007f05f4323000] [id=39181]
  0x00007f05f009d700 ConcurrentGCThread "G1 Young RemSet Sampling" [stack: 0x00007f05f4121000,0x00007f05f4221000] [id=39183]

Threads with active compile tasks:

VM state: not at safepoint (normal execution)

VM Mutex/Monitor currently owned by a thread: None

Heap address: 0x00000000c4800000, size: 952 MB, Compressed Oops mode: 32-bit
CDS disabled.
Compressed class space mapped at: 0x0000000100000000-0x0000000140000000, size: 1073741824
Narrow klass base: 0x0000000000000000, Narrow klass shift: 3, Narrow klass range: 0x140000000

GC Precious Log:
 CPUs: 4 total, 4 available
 Memory: 3801M
 Large Page Support: Disabled
 NUMA Support: Disabled
 Compressed Oops: Enabled (32-bit)
 Heap Region Size: 1M
 Heap Min Capacity: 8M
 Heap Initial Capacity: 60M
 Heap Max Capacity: 952M
 Pre-touch: Disabled
 Parallel Workers: 4
 Concurrent Workers: 1
 Concurrent Refinement Workers: 4
 Periodic GC: Disabled

Heap:
 garbage-first heap   total 61440K, used 6144K [0x00000000c4800000, 0x0000000100000000)
  region size 1024K, 7 young (7168K), 0 survivors (0K)
 Metaspace       used 10158K, capacity 10308K, committed 10752K, reserved 1058816K
  class space    used 879K, capacity 919K, committed 1024K, reserved 1048576K

Heap Regions: E=young(eden), S=young(survivor), O=old, HS=humongous(starts), HC=humongous(continues), CS=collection set, F=free, OA=open archive, CA=closed archive, TAMS=top-at-mark-start (previous, next)
|   0|0x00000000c4800000, 0x00000000c4800000, 0x00000000c4900000|  0%| F|  |TAMS 0x00000000c4800000, 0x00000000c4800000| Untracked 
|   1|0x00000000c4900000, 0x00000000c4900000, 0x00000000c4a00000|  0%| F|  |TAMS 0x00000000c4900000, 0x00000000c4900000| Untracked 
|   2|0x00000000c4a00000, 0x00000000c4a00000, 0x00000000c4b00000|  0%| F|  |TAMS 0x00000000c4a00000, 0x00000000c4a00000| Untracked 
|   3|0x00000000c4b00000, 0x00000000c4b00000, 0x00000000c4c00000|  0%| F|  |TAMS 0x00000000c4b00000, 0x00000000c4b00000| Untracked 
|   4|0x00000000c4c00000, 0x00000000c4c00000, 0x00000000c4d00000|  0%| F|  |TAMS 0x00000000c4c00000, 0x00000000c4c00000| Untracked 
|   5|0x00000000c4d00000, 0x00000000c4d00000, 0x00000000c4e00000|  0%| F|  |TAMS 0x00000000c4d00000, 0x00000000c4d00000| Untracked 
|   6|0x00000000c4e00000, 0x00000000c4e00000, 0x00000000c4f00000|  0%| F|  |TAMS 0x00000000c4e00000, 0x00000000c4e00000| Untracked 
|   7|0x00000000c4f00000, 0x00000000c4f00000, 0x00000000c5000000|  0%| F|  |TAMS 0x00000000c4f00000, 0x00000000c4f00000| Untracked 
|   8|0x00000000c5000000, 0x00000000c5000000, 0x00000000c5100000|  0%| F|  |TAMS 0x00000000c5000000, 0x00000000c5000000| Untracked 
|   9|0x00000000c5100000, 0x00000000c5100000, 0x00000000c5200000|  0%| F|  |TAMS 0x00000000c5100000, 0x00000000c5100000| Untracked 
|  10|0x00000000c5200000, 0x00000000c5200000, 0x00000000c5300000|  0%| F|  |TAMS 0x00000000c5200000, 0x00000000c5200000| Untracked 
|  11|0x00000000c5300000, 0x00000000c5300000, 0x00000000c5400000|  0%| F|  |TAMS 0x00000000c5300000, 0x00000000c5300000| Untracked 
|  12|0x00000000c5400000, 0x00000000c5400000, 0x00000000c5500000|  0%| F|  |TAMS 0x00000000c5400000, 0x00000000c5400000| Untracked 
|  13|0x00000000c5500000, 0x00000000c5500000, 0x00000000c5600000|  0%| F|  |TAMS 0x00000000c5500000, 0x00000000c5500000| Untracked 
|  14|0x00000000c5600000, 0x00000000c5600000, 0x00000000c5700000|  0%| F|  |TAMS 0x00000000c5600000, 0x00000000c5600000| Untracked 
|  15|0x00000000c5700000, 0x00000000c5700000, 0x00000000c5800000|  0%| F|  |TAMS 0x00000000c5700000, 0x00000000c5700000| Untracked 
|  16|0x00000000c5800000, 0x00000000c5800000, 0x00000000c5900000|  0%| F|  |TAMS 0x00000000c5800000, 0x00000000c5800000| Untracked 
|  17|0x00000000c5900000, 0x00000000c5900000, 0x00000000c5a00000|  0%| F|  |TAMS 0x00000000c5900000, 0x00000000c5900000| Untracked 
|  18|0x00000000c5a00000, 0x00000000c5a00000, 0x00000000c5b00000|  0%| F|  |TAMS 0x00000000c5a00000, 0x00000000c5a00000| Untracked 
|  19|0x00000000c5b00000, 0x00000000c5b00000, 0x00000000c5c00000|  0%| F|  |TAMS 0x00000000c5b00000, 0x00000000c5b00000| Untracked 
|  20|0x00000000c5c00000, 0x00000000c5c00000, 0x00000000c5d00000|  0%| F|  |TAMS 0x00000000c5c00000, 0x00000000c5c00000| Untracked 
|  21|0x00000000c5d00000, 0x00000000c5d00000, 0x00000000c5e00000|  0%| F|  |TAMS 0x00000000c5d00000, 0x00000000c5d00000| Untracked 
|  22|0x00000000c5e00000, 0x00000000c5e00000, 0x00000000c5f00000|  0%| F|  |TAMS 0x00000000c5e00000, 0x00000000c5e00000| Untracked 
|  23|0x00000000c5f00000, 0x00000000c5f00000, 0x00000000c6000000|  0%| F|  |TAMS 0x00000000c5f00000, 0x00000000c5f00000| Untracked 
|  24|0x00000000c6000000, 0x00000000c6000000, 0x00000000c6100000|  0%| F|  |TAMS 0x00000000c6000000, 0x00000000c6000000| Untracked 
|  25|0x00000000c6100000, 0x00000000c6100000, 0x00000000c6200000|  0%| F|  |TAMS 0x00000000c6100000, 0x00000000c6100000| Untracked 
|  26|0x00000000c6200000, 0x00000000c6200000, 0x00000000c6300000|  0%| F|  |TAMS 0x00000000c6200000, 0x00000000c6200000| Untracked 
|  27|0x00000000c6300000, 0x00000000c6300000, 0x00000000c6400000|  0%| F|  |TAMS 0x00000000c6300000, 0x00000000c6300000| Untracked 
|  28|0x00000000c6400000, 0x00000000c6400000, 0x00000000c6500000|  0%| F|  |TAMS 0x00000000c6400000, 0x00000000c6400000| Untracked 
|  29|0x00000000c6500000, 0x00000000c6500000, 0x00000000c6600000|  0%| F|  |TAMS 0x00000000c6500000, 0x00000000c6500000| Untracked 
|  30|0x00000000c6600000, 0x00000000c6600000, 0x00000000c6700000|  0%| F|  |TAMS 0x00000000c6600000, 0x00000000c6600000| Untracked 
|  31|0x00000000c6700000, 0x00000000c6700000, 0x00000000c6800000|  0%| F|  |TAMS 0x00000000c6700000, 0x00000000c6700000| Untracked 
|  32|0x00000000c6800000, 0x00000000c6800000, 0x00000000c6900000|  0%| F|  |TAMS 0x00000000c6800000, 0x00000000c6800000| Untracked 
|  33|0x00000000c6900000, 0x00000000c6900000, 0x00000000c6a00000|  0%| F|  |TAMS 0x00000000c6900000, 0x00000000c6900000| Untracked 
|  34|0x00000000c6a00000, 0x00000000c6a00000, 0x00000000c6b00000|  0%| F|  |TAMS 0x00000000c6a00000, 0x00000000c6a00000| Untracked 
|  35|0x00000000c6b00000, 0x00000000c6b00000, 0x00000000c6c00000|  0%| F|  |TAMS 0x00000000c6b00000, 0x00000000c6b00000| Untracked 
|  36|0x00000000c6c00000, 0x00000000c6c00000, 0x00000000c6d00000|  0%| F|  |TAMS 0x00000000c6c00000, 0x00000000c6c00000| Untracked 
|  37|0x00000000c6d00000, 0x00000000c6d00000, 0x00000000c6e00000|  0%| F|  |TAMS 0x00000000c6d00000, 0x00000000c6d00000| Untracked 
|  38|0x00000000c6e00000, 0x00000000c6e00000, 0x00000000c6f00000|  0%| F|  |TAMS 0x00000000c6e00000, 0x00000000c6e00000| Untracked 
|  39|0x00000000c6f00000, 0x00000000c6f00000, 0x00000000c7000000|  0%| F|  |TAMS 0x00000000c6f00000, 0x00000000c6f00000| Untracked 
|  40|0x00000000c7000000, 0x00000000c7000000, 0x00000000c7100000|  0%| F|  |TAMS 0x00000000c7000000, 0x00000000c7000000| Untracked 
|  41|0x00000000c7100000, 0x00000000c7100000, 0x00000000c7200000|  0%| F|  |TAMS 0x00000000c7100000, 0x00000000c7100000| Untracked 
|  42|0x00000000c7200000, 0x00000000c7200000, 0x00000000c7300000|  0%| F|  |TAMS 0x00000000c7200000, 0x00000000c7200000| Untracked 
|  43|0x00000000c7300000, 0x00000000c7300000, 0x00000000c7400000|  0%| F|  |TAMS 0x00000000c7300000, 0x00000000c7300000| Untracked 
|  44|0x00000000c7400000, 0x00000000c7400000, 0x00000000c7500000|  0%| F|  |TAMS 0x00000000c7400000, 0x00000000c7400000| Untracked 
|  45|0x00000000c7500000, 0x00000000c7500000, 0x00000000c7600000|  0%| F|  |TAMS 0x00000000c7500000, 0x00000000c7500000| Untracked 
|  46|0x00000000c7600000, 0x00000000c7600000, 0x00000000c7700000|  0%| F|  |TAMS 0x00000000c7600000, 0x00000000c7600000| Untracked 
|  47|0x00000000c7700000, 0x00000000c7700000, 0x00000000c7800000|  0%| F|  |TAMS 0x00000000c7700000, 0x00000000c7700000| Untracked 
|  48|0x00000000c7800000, 0x00000000c7800000, 0x00000000c7900000|  0%| F|  |TAMS 0x00000000c7800000, 0x00000000c7800000| Untracked 
|  49|0x00000000c7900000, 0x00000000c7900000, 0x00000000c7a00000|  0%| F|  |TAMS 0x00000000c7900000, 0x00000000c7900000| Untracked 
|  50|0x00000000c7a00000, 0x00000000c7a00000, 0x00000000c7b00000|  0%| F|  |TAMS 0x00000000c7a00000, 0x00000000c7a00000| Untracked 
|  51|0x00000000c7b00000, 0x00000000c7b00000, 0x00000000c7c00000|  0%| F|  |TAMS 0x00000000c7b00000, 0x00000000c7b00000| Untracked 
|  52|0x00000000c7c00000, 0x00000000c7c00000, 0x00000000c7d00000|  0%| F|  |TAMS 0x00000000c7c00000, 0x00000000c7c00000| Untracked 
|  53|0x00000000c7d00000, 0x00000000c7d43108, 0x00000000c7e00000| 26%| E|  |TAMS 0x00000000c7d00000, 0x00000000c7d00000| Complete 
|  54|0x00000000c7e00000, 0x00000000c7f00000, 0x00000000c7f00000|100%| E|CS|TAMS 0x00000000c7e00000, 0x00000000c7e00000| Complete 
|  55|0x00000000c7f00000, 0x00000000c8000000, 0x00000000c8000000|100%| E|CS|TAMS 0x00000000c7f00000, 0x00000000c7f00000| Complete 
|  56|0x00000000c8000000, 0x00000000c8100000, 0x00000000c8100000|100%| E|CS|TAMS 0x00000000c8000000, 0x00000000c8000000| Complete 
|  57|0x00000000c8100000, 0x00000000c8200000, 0x00000000c8200000|100%| E|CS|TAMS 0x00000000c8100000, 0x00000000c8100000| Complete 
|  58|0x00000000c8200000, 0x00000000c8300000, 0x00000000c8300000|100%| E|CS|TAMS 0x00000000c8200000, 0x00000000c8200000| Complete 
|  59|0x00000000c8300000, 0x00000000c8400000, 0x00000000c8400000|100%| E|CS|TAMS 0x00000000c8300000, 0x00000000c8300000| Complete 

Card table byte_map: [0x00007f05f4c29000,0x00007f05f4e05000] _byte_map_base: 0x00007f05f4605000

Marking Bits (Prev, Next): (CMBitMap*) 0x00007f05f0058610, (CMBitMap*) 0x00007f05f0058650
 Prev Bits: [0x00007f05dc72f000, 0x00007f05dd60f000)
 Next Bits: [0x00007f05db84f000, 0x00007f05dc72f000)

Polling page: 0x00007f05f6ccd000

Metaspace:

Usage:
  Non-class:      9.17 MB capacity,     9.06 MB ( 99%) used,   104.62 KB (  1%) free+waste,     6.31 KB ( <1%) overhead. 
      Class:    919.00 KB capacity,   879.99 KB ( 96%) used,    37.07 KB (  4%) free+waste,     1.94 KB ( <1%) overhead. 
       Both:     10.07 MB capacity,     9.92 MB ( 99%) used,   141.69 KB (  1%) free+waste,     8.25 KB ( <1%) overhead. 

Virtual space:
  Non-class space:       10.00 MB reserved,       9.50 MB ( 95%) committed 
      Class space:        1.00 GB reserved,       1.00 MB ( <1%) committed 
             Both:        1.01 GB reserved,      10.50 MB (  1%) committed 

Chunk freelists:
   Non-Class:  131.00 KB
       Class:  9.00 KB
        Both:  140.00 KB

MaxMetaspaceSize: 17179869184.00 GB
CompressedClassSpaceSize: 1.00 GB

CodeHeap 'non-profiled nmethods': size=120032Kb used=138Kb max_used=138Kb free=119893Kb
 bounds [0x00007f05e50d7000, 0x00007f05e5347000, 0x00007f05ec60f000]
CodeHeap 'profiled nmethods': size=120028Kb used=568Kb max_used=568Kb free=119459Kb
 bounds [0x00007f05ddba0000, 0x00007f05dde10000, 0x00007f05e50d7000]
CodeHeap 'non-nmethods': size=5700Kb used=1207Kb max_used=1220Kb free=4492Kb
 bounds [0x00007f05dd60f000, 0x00007f05dd87f000, 0x00007f05ddba0000]
 total_blobs=835 nmethods=444 adapters=305
 compilation: enabled
              stopped_count=0, restarted_count=0
 full_count=0

Compilation events (20 events):
Event: 488.865 Thread 0x00007f05f018e8b0  436       3       java.lang.StringUTF16::compress (20 bytes)
Event: 488.866 Thread 0x00007f05f018e8b0 nmethod 436 0x00007f05ddc2ab10 code [0x00007f05ddc2acc0, 0x00007f05ddc2aee0]
Event: 488.866 Thread 0x00007f05f018e8b0  437       3       org.eclipse.jdt.launching.internal.org.objectweb.asm.ClassReader::readUtf (44 bytes)
Event: 488.866 Thread 0x00007f05f018e8b0 nmethod 437 0x00007f05ddc2af90 code [0x00007f05ddc2b160, 0x00007f05ddc2b530]
Event: 488.866 Thread 0x00007f05f018e8b0  438       3       org.eclipse.jdt.launching.internal.org.objectweb.asm.Symbol::<init> (38 bytes)
Event: 488.866 Thread 0x00007f05f018e8b0 nmethod 438 0x00007f05ddc2b710 code [0x00007f05ddc2b8a0, 0x00007f05ddc2bb10]
Event: 488.866 Thread 0x00007f05f018e8b0  439       3       org.eclipse.jdt.launching.internal.org.objectweb.asm.SymbolTable::add (39 bytes)
Event: 488.867 Thread 0x00007f05f018e8b0 nmethod 439 0x00007f05ddc2bc10 code [0x00007f05ddc2bdc0, 0x00007f05ddc2c0f0]
Event: 583.526 Thread 0x00007f05f018d080  443       4       org.eclipse.jdt.launching.internal.org.objectweb.asm.ClassReader::readUnsignedShort (26 bytes)
Event: 583.528 Thread 0x00007f05f018d080 nmethod 443 0x00007f05e50f9790 code [0x00007f05e50f9900, 0x00007f05e50f9a18]
Event: 583.528 Thread 0x00007f05f018e8b0  442       3       org.eclipse.jdt.launching.internal.org.objectweb.asm.ClassReader::readUtf (161 bytes)
Event: 583.528 Thread 0x00007f05f018e8b0 nmethod 442 0x00007f05ddc2c210 code [0x00007f05ddc2c3e0, 0x00007f05ddc2c880]
Event: 583.528 Thread 0x00007f05f018e8b0  440       3       org.eclipse.jdt.launching.internal.org.objectweb.asm.ClassReader::readUTF8 (23 bytes)
Event: 583.529 Thread 0x00007f05f018e8b0 nmethod 440 0x00007f05ddc2cb90 code [0x00007f05ddc2cd40, 0x00007f05ddc2cf70]
Event: 583.529 Thread 0x00007f05f018e8b0  441       3       org.eclipse.jdt.launching.internal.org.objectweb.asm.SymbolTable::hash (10 bytes)
Event: 583.529 Thread 0x00007f05f018e8b0 nmethod 441 0x00007f05ddc2d090 code [0x00007f05ddc2d220, 0x00007f05ddc2d340]
Event: 583.529 Thread 0x00007f05f018e8b0  444       3       java.lang.String::<init> (74 bytes)
Event: 583.529 Thread 0x00007f05f018e8b0 nmethod 444 0x00007f05ddc2d410 code [0x00007f05ddc2d5e0, 0x00007f05ddc2d9b0]
Event: 2334.885 Thread 0x00007f05f018e8b0  445       3       org.eclipse.jdt.launching.internal.org.objectweb.asm.SymbolTable::addConstantUtf8 (20 bytes)
Event: 2334.886 Thread 0x00007f05f018e8b0 nmethod 445 0x00007f05ddc2db10 code [0x00007f05ddc2dce0, 0x00007f05ddc2df80]

GC Heap History (0 events):
No events

Deoptimization events (20 events):
Event: 0.788 Thread 0x00007f05f002a480 DEOPT PACKING pc=0x00007f05ddc05faa sp=0x00007f05f57767c0
Event: 0.788 Thread 0x00007f05f002a480 DEOPT UNPACKING pc=0x00007f05dd65cf2b sp=0x00007f05f5775ca8 mode 0
Event: 0.788 Thread 0x00007f05f002a480 DEOPT PACKING pc=0x00007f05ddc05faa sp=0x00007f05f57767c0
Event: 0.788 Thread 0x00007f05f002a480 DEOPT UNPACKING pc=0x00007f05dd65cf2b sp=0x00007f05f5775ca8 mode 0
Event: 0.790 Thread 0x00007f05f002a480 DEOPT PACKING pc=0x00007f05ddc05faa sp=0x00007f05f5775450
Event: 0.790 Thread 0x00007f05f002a480 DEOPT UNPACKING pc=0x00007f05dd65cf2b sp=0x00007f05f5774938 mode 0
Event: 0.802 Thread 0x00007f05f002a480 DEOPT PACKING pc=0x00007f05ddc05faa sp=0x00007f05f57750d0
Event: 0.802 Thread 0x00007f05f002a480 DEOPT UNPACKING pc=0x00007f05dd65cf2b sp=0x00007f05f57745b8 mode 0
Event: 0.803 Thread 0x00007f05f002a480 DEOPT PACKING pc=0x00007f05ddc05faa sp=0x00007f05f57750d0
Event: 0.803 Thread 0x00007f05f002a480 DEOPT UNPACKING pc=0x00007f05dd65cf2b sp=0x00007f05f57745b8 mode 0
Event: 0.804 Thread 0x00007f05f002a480 DEOPT PACKING pc=0x00007f05ddc05faa sp=0x00007f05f57750d0
Event: 0.804 Thread 0x00007f05f002a480 DEOPT UNPACKING pc=0x00007f05dd65cf2b sp=0x00007f05f57745b8 mode 0
Event: 0.886 Thread 0x00007f05f002a480 Uncommon trap: trap_request=0xffffff45 fr.pc=0x00007f05e50ef05c relative=0x000000000000005c
Event: 0.886 Thread 0x00007f05f002a480 Uncommon trap: reason=unstable_if action=reinterpret pc=0x00007f05e50ef05c method=java.lang.String.isLatin1()Z @ 10 c2
Event: 0.886 Thread 0x00007f05f002a480 DEOPT PACKING pc=0x00007f05e50ef05c sp=0x00007f05f5779300
Event: 0.886 Thread 0x00007f05f002a480 DEOPT UNPACKING pc=0x00007f05dd65d125 sp=0x00007f05f57792c0 mode 2
Event: 0.886 Thread 0x00007f05f002a480 Uncommon trap: trap_request=0xffffff45 fr.pc=0x00007f05e50eb444 relative=0x0000000000000044
Event: 0.886 Thread 0x00007f05f002a480 Uncommon trap: reason=unstable_if action=reinterpret pc=0x00007f05e50eb444 method=java.lang.CharacterData.of(I)Ljava/lang/CharacterData; @ 4 c2
Event: 0.886 Thread 0x00007f05f002a480 DEOPT PACKING pc=0x00007f05e50eb444 sp=0x00007f05f5778e30
Event: 0.886 Thread 0x00007f05f002a480 DEOPT UNPACKING pc=0x00007f05dd65d125 sp=0x00007f05f5778df0 mode 2

Classes unloaded (0 events):
No events

Classes redefined (5 events):
Event: 345.146 Thread 0x00007f05f01564d0 redefined class name=Question_1.Question_3, count=1
Event: 488.863 Thread 0x00007f05f01564d0 redefined class name=Question_1.Question_3, count=2
Event: 583.531 Thread 0x00007f05f01564d0 redefined class name=Question_1.Question_3, count=3
Event: 617.872 Thread 0x00007f05f01564d0 redefined class name=Question_1.Question_3, count=4
Event: 2334.886 Thread 0x00007f05f01564d0 redefined class name=Question_1.Question_3, count=5

Internal exceptions (3 events):
Event: 0.544 Thread 0x00007f05f002a480 Exception <a 'java/lang/NoSuchMethodError'{0x00000000c8112208}: 'void java.lang.invoke.DirectMethodHandle$Holder.invokeStatic(java.lang.Object, java.lang.Object)'> (0x00000000c8112208) 
thrown [open/src/hotspot/share/interpreter/linkResolver.cpp, line 781]
Event: 0.546 Thread 0x00007f05f002a480 Exception <a 'java/lang/NoSuchMethodError'{0x00000000c8115eb0}: 'void java.lang.invoke.DirectMethodHandle$Holder.invokeStaticInit(java.lang.Object, java.lang.Object)'> (0x00000000c8115eb0) 
thrown [open/src/hotspot/share/interpreter/linkResolver.cpp, line 781]
Event: 0.736 Thread 0x00007f05f002a480 Exception <a 'java/lang/NoSuchMethodError'{0x00000000c80f8060}: 'java.lang.Object java.lang.invoke.DirectMethodHandle$Holder.invokeStatic(java.lang.Object)'> (0x00000000c80f8060) 
thrown [open/src/hotspot/share/interpreter/linkResolver.cpp, line 781]

Events (20 events):
Event: 2334.892 Executing VM operation: ChangeBreakpoints
Event: 2334.892 Executing VM operation: ChangeBreakpoints done
Event: 2334.899 Executing VM operation: ChangeBreakpoints
Event: 2334.899 Executing VM operation: ChangeBreakpoints done
Event: 2334.902 Executing VM operation: GetFrameCount
Event: 2334.902 Executing VM operation: GetFrameCount done
Event: 2334.902 Executing VM operation: GetStackTrace
Event: 2334.902 Executing VM operation: GetStackTrace done
Event: 2334.902 Executing VM operation: GetFrameCount
Event: 2334.902 Executing VM operation: GetFrameCount done
Event: 2334.902 Executing VM operation: SetFramePop
Event: 2334.902 Executing VM operation: SetFramePop done
Event: 2334.902 Executing VM operation: GetFrameLocation
Event: 2334.902 Executing VM operation: GetFrameLocation done
Event: 2334.902 Executing VM operation: GetCurrentLocation
Event: 2334.902 Executing VM operation: GetCurrentLocation done
Event: 2334.902 Executing VM operation: ChangeSingleStep
Event: 2334.902 Executing VM operation: ChangeSingleStep done
Event: 2334.903 Executing VM operation: GetFrameLocation
Event: 2334.903 Executing VM operation: GetFrameLocation done


Dynamic libraries:
c4800000-c8400000 rw-p 00000000 00:00 0 
c8400000-100000000 ---p 00000000 00:00 0 
100000000-100100000 rw-p 00000000 00:00 0 
100100000-140000000 ---p 00000000 00:00 0 
55d2f3a86000-55d2f3a87000 r-xp 00000000 08:09 786066                     /home/mohammad/.p2/pool/plugins/org.eclipse.justj.openjdk.hotspot.jre.full.linux.x86_64_15.0.2.v20210201-0955/jre/bin/java
55d2f3a88000-55d2f3a89000 r--p 00001000 08:09 786066                     /home/mohammad/.p2/pool/plugins/org.eclipse.justj.openjdk.hotspot.jre.full.linux.x86_64_15.0.2.v20210201-0955/jre/bin/java
55d2f3a89000-55d2f3a8a000 rw-p 00002000 08:09 786066                     /home/mohammad/.p2/pool/plugins/org.eclipse.justj.openjdk.hotspot.jre.full.linux.x86_64_15.0.2.v20210201-0955/jre/bin/java
55d2f590a000-55d2f592b000 rw-p 00000000 00:00 0                          [heap]
7f0588000000-7f0588021000 rw-p 00000000 00:00 0 
7f0588021000-7f058c000000 ---p 00000000 00:00 0 
7f058c000000-7f058c021000 rw-p 00000000 00:00 0 
7f058c021000-7f0590000000 ---p 00000000 00:00 0 
7f0590000000-7f0590021000 rw-p 00000000 00:00 0 
7f0590021000-7f0594000000 ---p 00000000 00:00 0 
7f0594000000-7f0594021000 rw-p 00000000 00:00 0 
7f0594021000-7f0598000000 ---p 00000000 00:00 0 
7f0598000000-7f0598021000 rw-p 00000000 00:00 0 
7f0598021000-7f059c000000 ---p 00000000 00:00 0 
7f059c000000-7f059c021000 rw-p 00000000 00:00 0 
7f059c021000-7f05a0000000 ---p 00000000 00:00 0 
7f05a0000000-7f05a00bb000 rw-p 00000000 00:00 0 
7f05a00bb000-7f05a4000000 ---p 00000000 00:00 0 
7f05a4000000-7f05a4021000 rw-p 00000000 00:00 0 
7f05a4021000-7f05a8000000 ---p 00000000 00:00 0 
7f05a8000000-7f05a8021000 rw-p 00000000 00:00 0 
7f05a8021000-7f05ac000000 ---p 00000000 00:00 0 
7f05ac000000-7f05ac2a3000 rw-p 00000000 00:00 0 
7f05ac2a3000-7f05b0000000 ---p 00000000 00:00 0 
7f05b0000000-7f05b0021000 rw-p 00000000 00:00 0 
7f05b0021000-7f05b4000000 ---p 00000000 00:00 0 
7f05b4000000-7f05b4021000 rw-p 00000000 00:00 0 
7f05b4021000-7f05b8000000 ---p 00000000 00:00 0 
7f05bad64000-7f05bb0cb000 rw-p 00000000 00:00 0 
7f05bb0cb000-7f05bb0cc000 ---p 00000000 00:00 0 
7f05bb0cc000-7f05bb1cd000 rw-p 00000000 00:00 0 
7f05bb1cd000-7f05bc000000 r--p 00000000 08:07 530578                     /usr/lib/locale/locale-archive
7f05bc000000-7f05bc021000 rw-p 00000000 00:00 0 
7f05bc021000-7f05c0000000 ---p 00000000 00:00 0 
7f05c0000000-7f05c0021000 rw-p 00000000 00:00 0 
7f05c0021000-7f05c4000000 ---p 00000000 00:00 0 
7f05c4000000-7f05c4021000 rw-p 00000000 00:00 0 
7f05c4021000-7f05c8000000 ---p 00000000 00:00 0 
7f05c8000000-7f05c8021000 rw-p 00000000 00:00 0 
7f05c8021000-7f05cc000000 ---p 00000000 00:00 0 
7f05cc000000-7f05cc021000 rw-p 00000000 00:00 0 
7f05cc021000-7f05d0000000 ---p 00000000 00:00 0 
7f05d0000000-7f05d0021000 rw-p 00000000 00:00 0 
7f05d0021000-7f05d4000000 ---p 00000000 00:00 0 
7f05d4000000-7f05d4021000 rw-p 00000000 00:00 0 
7f05d4021000-7f05d8000000 ---p 00000000 00:00 0 
7f05d80f3000-7f05d8100000 r-xp 00000000 08:09 786447                     /home/mohammad/.p2/pool/plugins/org.eclipse.justj.openjdk.hotspot.jre.full.linux.x86_64_15.0.2.v20210201-0955/jre/lib/libverify.so
7f05d8100000-7f05d8102000 r--p 0000c000 08:09 786447                     /home/mohammad/.p2/pool/plugins/org.eclipse.justj.openjdk.hotspot.jre.full.linux.x86_64_15.0.2.v20210201-0955/jre/lib/libverify.so
7f05d8102000-7f05d8103000 rw-p 0000e000 08:09 786447                     /home/mohammad/.p2/pool/plugins/org.eclipse.justj.openjdk.hotspot.jre.full.linux.x86_64_15.0.2.v20210201-0955/jre/lib/libverify.so
7f05d8103000-7f05d8107000 ---p 00000000 00:00 0 
7f05d8107000-7f05d8384000 rw-p 00000000 00:00 0 
7f05d8384000-7f05d8404000 ---p 00000000 00:00 0 
7f05d8406000-7f05d841b000 r-xp 00000000 08:09 786453                     /home/mohammad/.p2/pool/plugins/org.eclipse.justj.openjdk.hotspot.jre.full.linux.x86_64_15.0.2.v20210201-0955/jre/lib/libnet.so
7f05d841b000-7f05d841c000 r--p 00014000 08:09 786453                     /home/mohammad/.p2/pool/plugins/org.eclipse.justj.openjdk.hotspot.jre.full.linux.x86_64_15.0.2.v20210201-0955/jre/lib/libnet.so
7f05d841c000-7f05d841d000 rw-p 00015000 08:09 786453                     /home/mohammad/.p2/pool/plugins/org.eclipse.justj.openjdk.hotspot.jre.full.linux.x86_64_15.0.2.v20210201-0955/jre/lib/libnet.so
7f05d841d000-7f05d842f000 r-xp 00000000 08:09 786454                     /home/mohammad/.p2/pool/plugins/org.eclipse.justj.openjdk.hotspot.jre.full.linux.x86_64_15.0.2.v20210201-0955/jre/lib/libnio.so
7f05d842f000-7f05d8430000 r--p 00011000 08:09 786454                     /home/mohammad/.p2/pool/plugins/org.eclipse.justj.openjdk.hotspot.jre.full.linux.x86_64_15.0.2.v20210201-0955/jre/lib/libnio.so
7f05d8430000-7f05d8431000 rw-p 00012000 08:09 786454                     /home/mohammad/.p2/pool/plugins/org.eclipse.justj.openjdk.hotspot.jre.full.linux.x86_64_15.0.2.v20210201-0955/jre/lib/libnio.so
7f05d8431000-7f05d8435000 ---p 00000000 00:00 0 
7f05d8435000-7f05d8532000 rw-p 00000000 00:00 0 
7f05d8532000-7f05d8536000 ---p 00000000 00:00 0 
7f05d8536000-7f05d8633000 rw-p 00000000 00:00 0 
7f05d8633000-7f05d8637000 ---p 00000000 00:00 0 
7f05d8637000-7f05d8734000 rw-p 00000000 00:00 0 
7f05d8734000-7f05d8739000 r-xp 00000000 08:09 786439                     /home/mohammad/.p2/pool/plugins/org.eclipse.justj.openjdk.hotspot.jre.full.linux.x86_64_15.0.2.v20210201-0955/jre/lib/libdt_socket.so
7f05d8739000-7f05d873a000 r--p 00004000 08:09 786439                     /home/mohammad/.p2/pool/plugins/org.eclipse.justj.openjdk.hotspot.jre.full.linux.x86_64_15.0.2.v20210201-0955/jre/lib/libdt_socket.so
7f05d873a000-7f05d873b000 rw-p 00005000 08:09 786439                     /home/mohammad/.p2/pool/plugins/org.eclipse.justj.openjdk.hotspot.jre.full.linux.x86_64_15.0.2.v20210201-0955/jre/lib/libdt_socket.so
7f05d873b000-7f05d8742000 r--s 00000000 08:07 921190                     /usr/lib/x86_64-linux-gnu/gconv/gconv-modules.cache
7f05d8742000-7f05d8746000 ---p 00000000 00:00 0 
7f05d8746000-7f05d8843000 rw-p 00000000 00:00 0 
7f05d8843000-7f05d8847000 ---p 00000000 00:00 0 
7f05d8847000-7f05d8944000 rw-p 00000000 00:00 0 
7f05d8944000-7f05d8948000 ---p 00000000 00:00 0 
7f05d8948000-7f05d8a45000 rw-p 00000000 00:00 0 
7f05d8a45000-7f05d8a49000 ---p 00000000 00:00 0 
7f05d8a49000-7f05d8b46000 rw-p 00000000 00:00 0 
7f05d8b46000-7f05d8b4a000 ---p 00000000 00:00 0 
7f05d8b4a000-7f05d8c47000 rw-p 00000000 00:00 0 
7f05d8c47000-7f05d8c4b000 ---p 00000000 00:00 0 
7f05d8c4b000-7f05d8d48000 rw-p 00000000 00:00 0 
7f05d8d48000-7f05d8d4c000 ---p 00000000 00:00 0 
7f05d8d4c000-7f05d8e49000 rw-p 00000000 00:00 0 
7f05d8e49000-7f05d8e4d000 ---p 00000000 00:00 0 
7f05d8e4d000-7f05d8f4a000 rw-p 00000000 00:00 0 
7f05d8f4a000-7f05d8f4b000 ---p 00000000 00:00 0 
7f05d8f4b000-7f05d984c000 rw-p 00000000 00:00 0 
7f05d984f000-7f05db93f000 rw-p 00000000 00:00 0 
7f05db93f000-7f05dc72f000 ---p 00000000 00:00 0 
7f05dc72f000-7f05dc81f000 rw-p 00000000 00:00 0 
7f05dc81f000-7f05dd60f000 ---p 00000000 00:00 0 
7f05dd60f000-7f05dd87f000 rwxp 00000000 00:00 0 
7f05dd87f000-7f05ddba0000 ---p 00000000 00:00 0 
7f05ddba0000-7f05dde10000 rwxp 00000000 00:00 0 
7f05dde10000-7f05e50d7000 ---p 00000000 00:00 0 
7f05e50d7000-7f05e5347000 rwxp 00000000 00:00 0 
7f05e5347000-7f05ec60f000 ---p 00000000 00:00 0 
7f05ec60f000-7f05f0000000 r--s 00000000 08:09 786436                     /home/mohammad/.p2/pool/plugins/org.eclipse.justj.openjdk.hotspot.jre.full.linux.x86_64_15.0.2.v20210201-0955/jre/lib/modules
7f05f0000000-7f05f04bf000 rw-p 00000000 00:00 0 
7f05f04bf000-7f05f4000000 ---p 00000000 00:00 0 
7f05f4002000-7f05f411f000 rw-p 00000000 00:00 0 
7f05f411f000-7f05f4120000 ---p 00000000 00:00 0 
7f05f4120000-7f05f4221000 rw-p 00000000 00:00 0 
7f05f4221000-7f05f4222000 ---p 00000000 00:00 0 
7f05f4222000-7f05f4727000 rw-p 00000000 00:00 0 
7f05f4727000-7f05f4728000 ---p 00000000 00:00 0 
7f05f4728000-7f05f4829000 rw-p 00000000 00:00 0 
7f05f4829000-7f05f482a000 ---p 00000000 00:00 0 
7f05f482a000-7f05f492b000 rw-p 00000000 00:00 0 
7f05f492b000-7f05f492c000 ---p 00000000 00:00 0 
7f05f492c000-7f05f4a6b000 rw-p 00000000 00:00 0 
7f05f4a6b000-7f05f4c29000 ---p 00000000 00:00 0 
7f05f4c29000-7f05f4c47000 rw-p 00000000 00:00 0 
7f05f4c47000-7f05f4e05000 ---p 00000000 00:00 0 
7f05f4e05000-7f05f4e23000 rw-p 00000000 00:00 0 
7f05f4e23000-7f05f4fe1000 ---p 00000000 00:00 0 
7f05f4fe1000-7f05f53ea000 rw-p 00000000 00:00 0 
7f05f53ea000-7f05f54d0000 ---p 00000000 00:00 0 
7f05f54d0000-7f05f54d5000 rw-p 00000000 00:00 0 
7f05f54d5000-7f05f55bb000 ---p 00000000 00:00 0 
7f05f55bb000-7f05f55be000 r--p 00000000 08:07 533237                     /usr/lib/x86_64-linux-gnu/libnss_files-2.31.so
7f05f55be000-7f05f55c5000 r-xp 00003000 08:07 533237                     /usr/lib/x86_64-linux-gnu/libnss_files-2.31.so
7f05f55c5000-7f05f55c7000 r--p 0000a000 08:07 533237                     /usr/lib/x86_64-linux-gnu/libnss_files-2.31.so
7f05f55c7000-7f05f55c8000 r--p 0000b000 08:07 533237                     /usr/lib/x86_64-linux-gnu/libnss_files-2.31.so
7f05f55c8000-7f05f55c9000 rw-p 0000c000 08:07 533237                     /usr/lib/x86_64-linux-gnu/libnss_files-2.31.so
7f05f55c9000-7f05f55cf000 rw-p 00000000 00:00 0 
7f05f55d2000-7f05f55d9000 r-xp 00000000 08:09 786451                     /home/mohammad/.p2/pool/plugins/org.eclipse.justj.openjdk.hotspot.jre.full.linux.x86_64_15.0.2.v20210201-0955/jre/lib/libzip.so
7f05f55d9000-7f05f55da000 ---p 00007000 08:09 786451                     /home/mohammad/.p2/pool/plugins/org.eclipse.justj.openjdk.hotspot.jre.full.linux.x86_64_15.0.2.v20210201-0955/jre/lib/libzip.so
7f05f55da000-7f05f55db000 r--p 00007000 08:09 786451                     /home/mohammad/.p2/pool/plugins/org.eclipse.justj.openjdk.hotspot.jre.full.linux.x86_64_15.0.2.v20210201-0955/jre/lib/libzip.so
7f05f55db000-7f05f55dc000 rw-p 00008000 08:09 786451                     /home/mohammad/.p2/pool/plugins/org.eclipse.justj.openjdk.hotspot.jre.full.linux.x86_64_15.0.2.v20210201-0955/jre/lib/libzip.so
7f05f55dc000-7f05f55e1000 rw-p 00000000 00:00 0 
7f05f55e1000-7f05f55e8000 ---p 00000000 00:00 0 
7f05f55e8000-7f05f560c000 r-xp 00000000 08:09 786449                     /home/mohammad/.p2/pool/plugins/org.eclipse.justj.openjdk.hotspot.jre.full.linux.x86_64_15.0.2.v20210201-0955/jre/lib/libjava.so
7f05f560c000-7f05f560d000 ---p 00024000 08:09 786449                     /home/mohammad/.p2/pool/plugins/org.eclipse.justj.openjdk.hotspot.jre.full.linux.x86_64_15.0.2.v20210201-0955/jre/lib/libjava.so
7f05f560d000-7f05f560e000 r--p 00024000 08:09 786449                     /home/mohammad/.p2/pool/plugins/org.eclipse.justj.openjdk.hotspot.jre.full.linux.x86_64_15.0.2.v20210201-0955/jre/lib/libjava.so
7f05f560e000-7f05f560f000 rw-p 00025000 08:09 786449                     /home/mohammad/.p2/pool/plugins/org.eclipse.justj.openjdk.hotspot.jre.full.linux.x86_64_15.0.2.v20210201-0955/jre/lib/libjava.so
7f05f560f000-7f05f5610000 rw-p 00000000 00:00 0 
7f05f5610000-7f05f564d000 r-xp 00000000 08:09 786440                     /home/mohammad/.p2/pool/plugins/org.eclipse.justj.openjdk.hotspot.jre.full.linux.x86_64_15.0.2.v20210201-0955/jre/lib/libjdwp.so
7f05f564d000-7f05f564e000 r--p 0003c000 08:09 786440                     /home/mohammad/.p2/pool/plugins/org.eclipse.justj.openjdk.hotspot.jre.full.linux.x86_64_15.0.2.v20210201-0955/jre/lib/libjdwp.so
7f05f564e000-7f05f564f000 rw-p 0003d000 08:09 786440                     /home/mohammad/.p2/pool/plugins/org.eclipse.justj.openjdk.hotspot.jre.full.linux.x86_64_15.0.2.v20210201-0955/jre/lib/libjdwp.so
7f05f564f000-7f05f5650000 rw-p 00000000 00:00 0 
7f05f5650000-7f05f566c000 r-xp 00000000 08:09 786452                     /home/mohammad/.p2/pool/plugins/org.eclipse.justj.openjdk.hotspot.jre.full.linux.x86_64_15.0.2.v20210201-0955/jre/lib/libjimage.so
7f05f566c000-7f05f566e000 r--p 0001b000 08:09 786452                     /home/mohammad/.p2/pool/plugins/org.eclipse.justj.openjdk.hotspot.jre.full.linux.x86_64_15.0.2.v20210201-0955/jre/lib/libjimage.so
7f05f566e000-7f05f566f000 rw-p 0001d000 08:09 786452                     /home/mohammad/.p2/pool/plugins/org.eclipse.justj.openjdk.hotspot.jre.full.linux.x86_64_15.0.2.v20210201-0955/jre/lib/libjimage.so
7f05f566f000-7f05f5672000 r--p 00000000 08:07 533439                     /usr/lib/x86_64-linux-gnu/librt-2.31.so
7f05f5672000-7f05f5676000 r-xp 00003000 08:07 533439                     /usr/lib/x86_64-linux-gnu/librt-2.31.so
7f05f5676000-7f05f5677000 r--p 00007000 08:07 533439                     /usr/lib/x86_64-linux-gnu/librt-2.31.so
7f05f5677000-7f05f5678000 ---p 00008000 08:07 533439                     /usr/lib/x86_64-linux-gnu/librt-2.31.so
7f05f5678000-7f05f5679000 r--p 00008000 08:07 533439                     /usr/lib/x86_64-linux-gnu/librt-2.31.so
7f05f5679000-7f05f567a000 rw-p 00009000 08:07 533439                     /usr/lib/x86_64-linux-gnu/librt-2.31.so
7f05f567a000-7f05f567e000 ---p 00000000 00:00 0 
7f05f567e000-7f05f577b000 rw-p 00000000 00:00 0 
7f05f577b000-7f05f578a000 r--p 00000000 08:07 533113                     /usr/lib/x86_64-linux-gnu/libm-2.31.so
7f05f578a000-7f05f5831000 r-xp 0000f000 08:07 533113                     /usr/lib/x86_64-linux-gnu/libm-2.31.so
7f05f5831000-7f05f58c8000 r--p 000b6000 08:07 533113                     /usr/lib/x86_64-linux-gnu/libm-2.31.so
7f05f58c8000-7f05f58c9000 r--p 0014c000 08:07 533113                     /usr/lib/x86_64-linux-gnu/libm-2.31.so
7f05f58c9000-7f05f58ca000 rw-p 0014d000 08:07 533113                     /usr/lib/x86_64-linux-gnu/libm-2.31.so
7f05f58ca000-7f05f6911000 r-xp 00000000 08:09 786431                     /home/mohammad/.p2/pool/plugins/org.eclipse.justj.openjdk.hotspot.jre.full.linux.x86_64_15.0.2.v20210201-0955/jre/lib/server/libjvm.so
7f05f6911000-7f05f6912000 ---p 01047000 08:09 786431                     /home/mohammad/.p2/pool/plugins/org.eclipse.justj.openjdk.hotspot.jre.full.linux.x86_64_15.0.2.v20210201-0955/jre/lib/server/libjvm.so
7f05f6912000-7f05f69ac000 r--p 01047000 08:09 786431                     /home/mohammad/.p2/pool/plugins/org.eclipse.justj.openjdk.hotspot.jre.full.linux.x86_64_15.0.2.v20210201-0955/jre/lib/server/libjvm.so
7f05f69ac000-7f05f69e3000 rw-p 010e1000 08:09 786431                     /home/mohammad/.p2/pool/plugins/org.eclipse.justj.openjdk.hotspot.jre.full.linux.x86_64_15.0.2.v20210201-0955/jre/lib/server/libjvm.so
7f05f69e3000-7f05f6a6e000 rw-p 00000000 00:00 0 
7f05f6a6e000-7f05f6a93000 r--p 00000000 08:07 532471                     /usr/lib/x86_64-linux-gnu/libc-2.31.so
7f05f6a93000-7f05f6c0b000 r-xp 00025000 08:07 532471                     /usr/lib/x86_64-linux-gnu/libc-2.31.so
7f05f6c0b000-7f05f6c55000 r--p 0019d000 08:07 532471                     /usr/lib/x86_64-linux-gnu/libc-2.31.so
7f05f6c55000-7f05f6c56000 ---p 001e7000 08:07 532471                     /usr/lib/x86_64-linux-gnu/libc-2.31.so
7f05f6c56000-7f05f6c59000 r--p 001e7000 08:07 532471                     /usr/lib/x86_64-linux-gnu/libc-2.31.so
7f05f6c59000-7f05f6c5c000 rw-p 001ea000 08:07 532471                     /usr/lib/x86_64-linux-gnu/libc-2.31.so
7f05f6c5c000-7f05f6c60000 rw-p 00000000 00:00 0 
7f05f6c60000-7f05f6c61000 r--p 00000000 08:07 532606                     /usr/lib/x86_64-linux-gnu/libdl-2.31.so
7f05f6c61000-7f05f6c63000 r-xp 00001000 08:07 532606                     /usr/lib/x86_64-linux-gnu/libdl-2.31.so
7f05f6c63000-7f05f6c64000 r--p 00003000 08:07 532606                     /usr/lib/x86_64-linux-gnu/libdl-2.31.so
7f05f6c64000-7f05f6c65000 r--p 00003000 08:07 532606                     /usr/lib/x86_64-linux-gnu/libdl-2.31.so
7f05f6c65000-7f05f6c66000 rw-p 00004000 08:07 532606                     /usr/lib/x86_64-linux-gnu/libdl-2.31.so
7f05f6c66000-7f05f6c6d000 r--p 00000000 08:07 533378                     /usr/lib/x86_64-linux-gnu/libpthread-2.31.so
7f05f6c6d000-7f05f6c7e000 r-xp 00007000 08:07 533378                     /usr/lib/x86_64-linux-gnu/libpthread-2.31.so
7f05f6c7e000-7f05f6c83000 r--p 00018000 08:07 533378                     /usr/lib/x86_64-linux-gnu/libpthread-2.31.so
7f05f6c83000-7f05f6c84000 r--p 0001c000 08:07 533378                     /usr/lib/x86_64-linux-gnu/libpthread-2.31.so
7f05f6c84000-7f05f6c85000 rw-p 0001d000 08:07 533378                     /usr/lib/x86_64-linux-gnu/libpthread-2.31.so
7f05f6c85000-7f05f6c89000 rw-p 00000000 00:00 0 
7f05f6c89000-7f05f6c98000 r-xp 00000000 08:09 786448                     /home/mohammad/.p2/pool/plugins/org.eclipse.justj.openjdk.hotspot.jre.full.linux.x86_64_15.0.2.v20210201-0955/jre/lib/libjli.so
7f05f6c98000-7f05f6c99000 r--p 0000e000 08:09 786448                     /home/mohammad/.p2/pool/plugins/org.eclipse.justj.openjdk.hotspot.jre.full.linux.x86_64_15.0.2.v20210201-0955/jre/lib/libjli.so
7f05f6c99000-7f05f6c9a000 rw-p 0000f000 08:09 786448                     /home/mohammad/.p2/pool/plugins/org.eclipse.justj.openjdk.hotspot.jre.full.linux.x86_64_15.0.2.v20210201-0955/jre/lib/libjli.so
7f05f6c9a000-7f05f6c9c000 r--p 00000000 08:07 533803                     /usr/lib/x86_64-linux-gnu/libz.so.1.2.11
7f05f6c9c000-7f05f6cad000 r-xp 00002000 08:07 533803                     /usr/lib/x86_64-linux-gnu/libz.so.1.2.11
7f05f6cad000-7f05f6cb3000 r--p 00013000 08:07 533803                     /usr/lib/x86_64-linux-gnu/libz.so.1.2.11
7f05f6cb3000-7f05f6cb4000 ---p 00019000 08:07 533803                     /usr/lib/x86_64-linux-gnu/libz.so.1.2.11
7f05f6cb4000-7f05f6cb5000 r--p 00019000 08:07 533803                     /usr/lib/x86_64-linux-gnu/libz.so.1.2.11
7f05f6cb5000-7f05f6cb6000 rw-p 0001a000 08:07 533803                     /usr/lib/x86_64-linux-gnu/libz.so.1.2.11
7f05f6cb9000-7f05f6cc1000 rw-s 00000000 08:07 395267                     /tmp/hsperfdata_mohammad/39167
7f05f6cc1000-7f05f6ccb000 r-xp 00000000 08:09 786460                     /home/mohammad/.p2/pool/plugins/org.eclipse.justj.openjdk.hotspot.jre.full.linux.x86_64_15.0.2.v20210201-0955/jre/lib/libinstrument.so
7f05f6ccb000-7f05f6ccc000 r--p 00009000 08:09 786460                     /home/mohammad/.p2/pool/plugins/org.eclipse.justj.openjdk.hotspot.jre.full.linux.x86_64_15.0.2.v20210201-0955/jre/lib/libinstrument.so
7f05f6ccc000-7f05f6ccd000 rw-p 0000a000 08:09 786460                     /home/mohammad/.p2/pool/plugins/org.eclipse.justj.openjdk.hotspot.jre.full.linux.x86_64_15.0.2.v20210201-0955/jre/lib/libinstrument.so
7f05f6ccd000-7f05f6cce000 ---p 00000000 00:00 0 
7f05f6cce000-7f05f6ccf000 r--p 00000000 00:00 0 
7f05f6ccf000-7f05f6cd1000 rw-p 00000000 00:00 0 
7f05f6cd1000-7f05f6cd2000 r--p 00000000 08:07 532255                     /usr/lib/x86_64-linux-gnu/ld-2.31.so
7f05f6cd2000-7f05f6cf5000 r-xp 00001000 08:07 532255                     /usr/lib/x86_64-linux-gnu/ld-2.31.so
7f05f6cf5000-7f05f6cfd000 r--p 00024000 08:07 532255                     /usr/lib/x86_64-linux-gnu/ld-2.31.so
7f05f6cfd000-7f05f6cfe000 ---p 00000000 00:00 0 
7f05f6cfe000-7f05f6cff000 r--p 0002c000 08:07 532255                     /usr/lib/x86_64-linux-gnu/ld-2.31.so
7f05f6cff000-7f05f6d00000 rw-p 0002d000 08:07 532255                     /usr/lib/x86_64-linux-gnu/ld-2.31.so
7f05f6d00000-7f05f6d01000 rw-p 00000000 00:00 0 
7fff2eb3a000-7fff2eb5b000 rw-p 00000000 00:00 0                          [stack]
7fff2eb5e000-7fff2eb62000 r--p 00000000 00:00 0                          [vvar]
7fff2eb62000-7fff2eb64000 r-xp 00000000 00:00 0                          [vdso]
ffffffffff600000-ffffffffff601000 --xp 00000000 00:00 0                  [vsyscall]


VM Arguments:
jvm_args: -XX:+ShowCodeDetailsInExceptionMessages -agentlib:jdwp=transport=dt_socket,suspend=y,address=localhost:41319 -javaagent:/home/mohammad/eclipse/java-2021-03/eclipse/configuration/org.eclipse.osgi/216/0/.cp/lib/javaagent-shaded.jar -Dfile.encoding=UTF-8 
java_command: Question_1.Question_3
java_class_path (initial): /home/mohammad/eclipse-workspace/Java_Assignment/bin
Launcher Type: SUN_STANDARD

[Global flags]
     intx CICompilerCount                          = 3                                         {product} {ergonomic}
     uint ConcGCThreads                            = 1                                         {product} {ergonomic}
     uint G1ConcRefinementThreads                  = 4                                         {product} {ergonomic}
   size_t G1HeapRegionSize                         = 1048576                                   {product} {ergonomic}
    uintx GCDrainStackTargetSize                   = 64                                        {product} {ergonomic}
   size_t InitialHeapSize                          = 62914560                                  {product} {ergonomic}
   size_t MarkStackSize                            = 4194304                                   {product} {ergonomic}
   size_t MaxHeapSize                              = 998244352                                 {product} {ergonomic}
   size_t MaxNewSize                               = 598736896                                 {product} {ergonomic}
   size_t MinHeapDeltaBytes                        = 1048576                                   {product} {ergonomic}
   size_t MinHeapSize                              = 8388608                                   {product} {ergonomic}
    uintx NonNMethodCodeHeapSize                   = 5832780                                {pd product} {ergonomic}
    uintx NonProfiledCodeHeapSize                  = 122912730                              {pd product} {ergonomic}
    uintx ProfiledCodeHeapSize                     = 122912730                              {pd product} {ergonomic}
    uintx ReservedCodeCacheSize                    = 251658240                              {pd product} {ergonomic}
     bool SegmentedCodeCache                       = true                                      {product} {ergonomic}
     bool ShowCodeDetailsInExceptionMessages       = true                                   {manageable} {command line}
   size_t SoftMaxHeapSize                          = 998244352                              {manageable} {ergonomic}
     bool UseCompressedClassPointers               = true                                 {lp64_product} {ergonomic}
     bool UseCompressedOops                        = true                                 {lp64_product} {ergonomic}
     bool UseG1GC                                  = true                                      {product} {ergonomic}

Logging:
Log output configuration:
 #0: stdout all=warning uptime,level,tags
 #1: stderr all=off uptime,level,tags

Environment Variables:
PATH=/usr/local/sbin:/usr/local/bin:/usr/sbin:/usr/bin:/sbin:/bin:/usr/games:/usr/local/games:/snap/bin
USERNAME=mohammad
SHELL=/bin/bash
DISPLAY=:0
LANG=en_US.UTF-8

Signal Handlers:
SIGSEGV: [libjvm.so+0xd64200], sa_mask[0]=11111111011111111101111111111110, sa_flags=SA_RESTART|SA_SIGINFO
SIGBUS: [libjvm.so+0xd64200], sa_mask[0]=11111111011111111101111111111110, sa_flags=SA_RESTART|SA_SIGINFO
SIGFPE: [libjvm.so+0xd64200], sa_mask[0]=11111111011111111101111111111110, sa_flags=SA_RESTART|SA_SIGINFO
SIGPIPE: [libjvm.so+0xb419c0], sa_mask[0]=11111111011111111101111111111110, sa_flags=SA_RESTART|SA_SIGINFO
SIGXFSZ: [libjvm.so+0xb419c0], sa_mask[0]=11111111011111111101111111111110, sa_flags=SA_RESTART|SA_SIGINFO
SIGILL: [libjvm.so+0xd64200], sa_mask[0]=11111111011111111101111111111110, sa_flags=SA_RESTART|SA_SIGINFO
SIGUSR2: [libjvm.so+0xb41860], sa_mask[0]=00100000000000000000000000000000, sa_flags=SA_RESTART|SA_SIGINFO
SIGHUP: [libjvm.so+0xb420d0], sa_mask[0]=11111111011111111101111111111110, sa_flags=SA_RESTART|SA_SIGINFO
SIGINT: [libjvm.so+0xb420d0], sa_mask[0]=11111111011111111101111111111110, sa_flags=SA_RESTART|SA_SIGINFO
SIGTERM: [libjvm.so+0xb420d0], sa_mask[0]=11111111011111111101111111111110, sa_flags=SA_RESTART|SA_SIGINFO
SIGQUIT: [libjvm.so+0xb420d0], sa_mask[0]=11111111011111111101111111111110, sa_flags=SA_RESTART|SA_SIGINFO


---------------  S Y S T E M  ---------------

OS:
DISTRIB_ID=Ubuntu
DISTRIB_RELEASE=20.04
DISTRIB_CODENAME=focal
DISTRIB_DESCRIPTION="Ubuntu 20.04.2 LTS"
uname: Linux 5.8.0-48-generic #54~20.04.1-Ubuntu SMP Sat Mar 20 13:40:25 UTC 2021 x86_64
OS uptime: 1 days 11:52 hours
libc: glibc 2.31 NPTL 2.31 
rlimit (soft/hard): STACK 8192k/infinity , CORE 0k/infinity , NPROC 14973/14973 , NOFILE 1048576/1048576 , AS infinity/infinity , CPU infinity/infinity , DATA infinity/infinity , FSIZE infinity/infinity , MEMLOCK 65536k/65536k
load average: 1.35 0.85 0.99

/proc/meminfo:
MemTotal:        3892316 kB
MemFree:          120568 kB
MemAvailable:     318980 kB
Buffers:           21608 kB
Cached:           465112 kB
SwapCached:       103788 kB
Active:          2719492 kB
Inactive:         688604 kB
Active(anon):    2432932 kB
Inactive(anon):   604656 kB
Active(file):     286560 kB
Inactive(file):    83948 kB
Unevictable:       33168 kB
Mlocked:             128 kB
SwapTotal:       3906556 kB
SwapFree:        2540984 kB
Dirty:               912 kB
Writeback:             0 kB
AnonPages:       2932160 kB
Mapped:           261504 kB
Shmem:            116172 kB
KReclaimable:      66872 kB
Slab:             195240 kB
SReclaimable:      66872 kB
SUnreclaim:       128368 kB
KernelStack:       20192 kB
PageTables:        49224 kB
NFS_Unstable:          0 kB
Bounce:                0 kB
WritebackTmp:          0 kB
CommitLimit:     5852712 kB
Committed_AS:   14370072 kB
VmallocTotal:   34359738367 kB
VmallocUsed:       38252 kB
VmallocChunk:          0 kB
Percpu:             2992 kB
HardwareCorrupted:     0 kB
AnonHugePages:         0 kB
ShmemHugePages:        0 kB
ShmemPmdMapped:        0 kB
FileHugePages:         0 kB
FilePmdMapped:         0 kB
HugePages_Total:       0
HugePages_Free:        0
HugePages_Rsvd:        0
HugePages_Surp:        0
Hugepagesize:       2048 kB
Hugetlb:               0 kB
DirectMap4k:      338056 kB
DirectMap2M:     3719168 kB
DirectMap1G:     1048576 kB

/sys/kernel/mm/transparent_hugepage/enabled: always [madvise] never
/sys/kernel/mm/transparent_hugepage/defrag (defrag/compaction efforts parameter): always defer defer+madvise [madvise] never

/proc/sys/kernel/threads-max (system-wide limit on the number of threads): 29946
/proc/sys/vm/max_map_count (maximum number of memory map areas a process may have): 65530
/proc/sys/kernel/pid_max (system-wide limit on number of process identifiers): 4194304

container (cgroup) information:
container_type: cgroupv1
cpu_cpuset_cpus: 0-3
cpu_memory_nodes: 0
active_processor_count: 4
cpu_quota: no quota
cpu_period: 100000
cpu_shares: no shares
memory_limit_in_bytes: unlimited
memory_and_swap_limit_in_bytes: unlimited
memory_soft_limit_in_bytes: unlimited
memory_usage_in_bytes: 3519528960
memory_max_usage_in_bytes: 3567325184

Steal ticks since vm start: 0
Steal ticks percentage since vm start:  0.000

CPU: total 4 (initial active 4) (2 cores per cpu, 2 threads per core) family 6 model 142 stepping 9 microcode 0xde, cmov, cx8, fxsr, mmx, sse, sse2, sse3, ssse3, sse4.1, sse4.2, popcnt, vzeroupper, avx, avx2, aes, clmul, erms, 3dnowpref, lzcnt, ht, tsc, tscinvbit, bmi1, bmi2, adx, fma, clflush, clflushopt
CPU Model and flags from /proc/cpuinfo:
model name	: Intel(R) Core(TM) i3-7100U CPU @ 2.40GHz
flags		: fpu vme de pse tsc msr pae mce cx8 apic sep mtrr pge mca cmov pat pse36 clflush dts acpi mmx fxsr sse sse2 ss ht tm pbe syscall nx pdpe1gb rdtscp lm constant_tsc art arch_perfmon pebs bts rep_good nopl xtopology nonstop_tsc cpuid aperfmperf pni pclmulqdq dtes64 monitor ds_cpl vmx est tm2 ssse3 sdbg fma cx16 xtpr pdcm pcid sse4_1 sse4_2 x2apic movbe popcnt tsc_deadline_timer aes xsave avx f16c rdrand lahf_lm abm 3dnowprefetch cpuid_fault epb invpcid_single pti ssbd ibrs ibpb stibp tpr_shadow vnmi flexpriority ept vpid ept_ad fsgsbase tsc_adjust bmi1 avx2 smep bmi2 erms invpcid mpx rdseed adx smap clflushopt intel_pt xsaveopt xsavec xgetbv1 xsaves dtherm arat pln pts hwp hwp_notify hwp_act_window hwp_epp md_clear flush_l1d

Online cpus: 0-3
Offline cpus: 
BIOS frequency limitation: <Not Available>
Frequency switch latency (ns): 0
Available cpu frequencies: <Not Available>
Current governor: powersave
Core performance/turbo boost: <Not Available>

Memory: 4k page, physical 3892316k(120568k free), swap 3906556k(2540984k free)

vm_info: OpenJDK 64-Bit Server VM (15.0.2+7-27) for linux-amd64 JRE (15.0.2+7-27), built on Dec  7 2020 19:54:59 by "mach5one" with gcc 9.2.0

END.
